stdlib-check 500
stdlib-check 1000
stdlib-check 1500
stdlib-check 2000
stdlib-check 2500
stdlib-check 3000
stdlib-check 3500
stdlib-check 4000
stdlib-check 4500
stdlib-check 5000
stdlib-check 5500
stdlib-check 6000
stdlib-check 6500
stdlib-check 7000
stdlib-check 7500
stdlib-check 8000
stdlib-check 8500
stdlib-check 9000
stdlib-check 9500
stdlib-check 10000
stdlib-check 10500
stdlib-check 11000
stdlib-check 11500
stdlib-check 12000
stdlib-check 12500
stdlib-check 13000
stdlib-check 13500
stdlib-check 14000
START_HERE.md: OK
configs/research_authorization.json: OK
configs/run_specs/README.md: OK
configs/run_specs/RQ014_g2_contract_preflight.template.json: OK
configs/run_specs/RQ014_g2_declassification_export.template.json: OK
configs/run_specs/research_run_spec_v2.schema.json: OK
configs/run_specs/rq014_managed_python_environment_v3.schema.json: OK
models/rq009_m3/README.md: OK
models/rq009_m3/feature_spec_contract.json: OK
models/rq009_m3/manifest.json: OK
reports/plans/RQ014_PI_decision_D1_preflight_v1p6_20260713.md: OK
reports/plans/RQ014_PI_decision_G0_waiver_launch_20260711.md: OK
reports/plans/RQ014_PI_decision_G2_start_v1p5_20260712.md: OK
reports/plans/RQ014_PI_decision_envelope_identification_20260713.md: OK
reports/plans/RQ014_blind_anchor_receipt_v1p5.json: OK
reports/plans/RQ014_config_space_v1p3.yaml: OK
reports/plans/RQ014_config_space_v1p5.yaml: OK
reports/plans/RQ014_config_space_v1p6.yaml: OK
reports/plans/RQ014_envelope_builder_contract_v2.json: OK
reports/plans/RQ014_estimator_core_tree_v1p7.json: OK
reports/plans/RQ014_execution_contract_v1p5.json: OK
reports/plans/RQ014_forensic_registry_v1p3.yaml: OK
reports/plans/RQ014_forensic_registry_v1p5.yaml: OK
reports/plans/RQ014_plan_v1_wod_e2e_rating_ipv_deviation_recovery_20260710.md: OK
reports/plans/RQ014_plan_v1p3_amendment_20260711.md: OK
reports/plans/RQ014_plan_v1p3_checksums_20260711.sha256: OK
reports/plans/RQ014_plan_v1p5_amendment_20260712.md: OK
reports/plans/RQ014_plan_v1p5_review_manifest_round1_blocked_20260712.sha256: OK
reports/plans/RQ014_plan_v1p5_review_manifest_round2_blocked_20260712.sha256: OK
reports/plans/RQ014_plan_v1p5_review_manifest_round3_blocked_20260712.sha256: OK
reports/plans/RQ014_plan_v1p5_review_manifest_round4_blocked_20260712.sha256: OK
reports/plans/RQ014_plan_v1p5_review_manifest_round5_blocked_20260712.sha256: OK
reports/plans/RQ014_plan_v1p6_preflight_review_manifest_20260713.sha256: OK
reports/plans/RQ014_plan_v1p7_addendum_pathtype_20260713.md: OK
reports/plans/RQ014_plan_v1p7_amendment_20260713.md: OK
reports/plans/RQ014_recovery_extension_registry_v1p3.yaml: OK
reports/plans/RQ014_recovery_extension_registry_v1p5.yaml: OK
reports/plans/RQ014_recovery_extension_registry_v1p6.yaml: OK
reports/plans/RQ014_recovery_lane_v2.json: OK
reports/plans/RQ014_recovery_lane_v3.json: OK
reports/plans/RQ014_score_stripped_schema_v1.json: OK
reports/plans/prompts/RQ014_G2_kickoff_prompt_v1p5_20260712.md: OK
reports/plans/prompts/RQ014_forensics_hpc_fl05_indexer_v1p3.py: OK
reports/plans/prompts/RQ014_forensics_hpc_fl05_indexer_v1p3.sh: OK
reports/plans/prompts/RQ014_forensics_hpc_fl05_v1p3.sbatch: OK
reports/plans/prompts/RQ014_forensics_hpc_pass4_v1p3.sbatch: OK
reports/plans/prompts/RQ014_forensics_hpc_pass4_v1p3.sh: OK
reports/plans/prompts/RQ014_forensics_mac_pass4_v1p3.sh: OK
reports/studies/RQ014_wod_e2e_rating_recovery/00_forensics/forensics_report.md: OK
reports/studies/RQ014_wod_e2e_rating_recovery/01_plan_review/RQ014_formal_G1_v1p6_preflight_20260713.yaml: OK
reports/studies/RQ014_wod_e2e_rating_recovery/01_plan_review/RQ014_v1p5_execution_governance_review_round1_blocked_20260712.json: OK
reports/studies/RQ014_wod_e2e_rating_recovery/01_plan_review/RQ014_v1p5_execution_governance_review_round2_blocked_20260712.json: OK
reports/studies/RQ014_wod_e2e_rating_recovery/01_plan_review/RQ014_v1p5_execution_governance_review_round3_blocked_20260712.json: OK
reports/studies/RQ014_wod_e2e_rating_recovery/01_plan_review/RQ014_v1p5_execution_governance_review_round4_blocked_20260712.json: OK
reports/studies/RQ014_wod_e2e_rating_recovery/01_plan_review/RQ014_v1p5_execution_governance_review_round5_blocked_20260712.json: OK
reports/studies/RQ014_wod_e2e_rating_recovery/01_plan_review/RQ014_v1p5_round1_remediation_20260712.md: OK
reports/studies/RQ014_wod_e2e_rating_recovery/01_plan_review/RQ014_v1p5_round2_remediation_20260712.md: OK
reports/studies/RQ014_wod_e2e_rating_recovery/01_plan_review/RQ014_v1p5_round3_remediation_20260712.md: OK
reports/studies/RQ014_wod_e2e_rating_recovery/01_plan_review/RQ014_v1p5_round4_remediation_20260712.md: OK
reports/studies/RQ014_wod_e2e_rating_recovery/01_plan_review/RQ014_v1p5_round5_remediation_20260712.md: OK
reports/studies/RQ014_wod_e2e_rating_recovery/01_plan_review/RQ014_v1p5_statistics_review_round1_blocked_20260712.json: OK
reports/studies/RQ014_wod_e2e_rating_recovery/01_plan_review/RQ014_v1p5_statistics_review_round2_blocked_20260712.json: OK
reports/studies/RQ014_wod_e2e_rating_recovery/01_plan_review/RQ014_v1p5_statistics_review_round3_blocked_20260712.json: OK
reports/studies/RQ014_wod_e2e_rating_recovery/01_plan_review/RQ014_v1p5_statistics_review_round4_blocked_20260712.json: OK
reports/studies/RQ014_wod_e2e_rating_recovery/01_plan_review/RQ014_v1p5_statistics_review_round5_blocked_20260712.json: OK
reports/studies/RQ014_wod_e2e_rating_recovery/01_plan_review/RQ014_v1p6_preflight_execution_governance_review_20260713.json: OK
reports/studies/RQ014_wod_e2e_rating_recovery/01_plan_review/RQ014_v1p6_preflight_statistics_review_20260713.json: OK
reports/studies/RQ014_wod_e2e_rating_recovery/02_g2_preflight/RQ014_declassification_source_inventory_20260712.json: OK
reports/studies/RQ014_wod_e2e_rating_recovery/02_g2_preflight/RQ014_hpc_runtime_compatibility_probe_20260712.json: OK
reports/studies/RQ014_wod_e2e_rating_recovery/02_g2_preflight/wod_path_type_mapping_v1/distribution_summary.json: OK
reports/studies/RQ014_wod_e2e_rating_recovery/02_g2_preflight/wod_path_type_mapping_v1/manifest.json: OK
reports/studies/RQ014_wod_e2e_rating_recovery/02_g2_preflight/wod_path_type_mapping_v1/wod_path_type_mapping.csv: OK
scripts/hpc/prepare_research_run.py: OK
scripts/hpc/submit_research_run.sh: OK
scripts/rq014/build_contract_manifest.py: OK
scripts/rq014/derive_wod_path_type_mapping.py: OK
scripts/rq014/export_score_stripped_bundle.py: OK
scripts/rq014/materialize_registry.py: OK
scripts/rq014/preflight.py: OK
scripts/rq014/run_managed_g2.py: OK
scripts/rq014/spearman_average_midranks.py: OK
scripts/rq014/spearman_version_manifest_v1.json: OK
scripts/rq014/wod_ipv_adapter.py: OK
scripts/rq014/wod_ipv_preprocessing.py: OK
scripts/rq014/wod_path_type_mapping_version_manifest_v1.json: OK
scripts/rq014/wod_reference_builder.py: OK
src/sociality_estimation/__init__.py: OK
src/sociality_estimation/core/__init__.py: OK
src/sociality_estimation/core/agent.py: OK
src/sociality_estimation/core/ipv_estimation.py: OK
src/sociality_estimation/planning/Lattice.py: OK
src/sociality_estimation/planning/__init__.py: OK
src/sociality_estimation/planning/utility.py: OK
tests/fixtures/rq014_wod_path_type_mapping_golden_v1.json: OK
tests/test_hpc_run_launcher.py: OK
tests/test_rq014_fl05_indexer.py: OK
tests/test_rq014_g0_closure_scripts.py: OK
tests/test_rq014_managed_hpc_contract.py: OK
tests/test_rq014_recovery_lane_v2_contract.py: OK
tests/test_rq014_recovery_lane_v3_contract.py: OK
tests/test_rq014_science_freeze_v1p7.py: OK
tests/test_rq014_score_stripped_export.py: OK
tests/test_rq014_v1p3_registry_contract.py: OK
tests/test_rq014_v1p5_contract.py: OK
tests/test_rq014_wod_path_type_mapping.py: OK
{
  "anchor_statuses": [
    "ATTESTED_RECEIPT_MATCH",
    "RATING_FREE_PREDICTOR_PARITY_NOT_EXECUTED_BY_CONTRACT_PREFLIGHT",
    "RHO_NOT_RECOMPUTED_BY_DESIGN"
  ],
  "bundle": {
    "bundle_root": "/share/home/u25310231/ZXC/sociality_estimation/inputs/RQ014/wod_rated479_score_stripped/v1",
    "canonical_csv_count": 7,
    "file_manifest_sha256": "4c41172fd16f00d48187df711ad6435063d80c4bbeb81c5e6e07025d63c78ef9",
    "geometry_available_scene_count": 476,
    "sanitization_receipt_sha256": "4dfc81056fe97db66d0ba0df04955a9c7c3a5464237010f298f3fa64363911a3",
    "scene_count": 479,
    "schema_sha256": "2e2ae18523a5e1620c7a4760172c2ff5358bf5c608b6a0fae1d1556f7e232355"
  },
  "declassification_export_done_sha256": "f3cc34c34082d1c7d4d5ceedce7505a3a9ed35d1f17d6765af5e50443a92bdda",
  "declassification_export_receipt_sha256": "a3839a7a253c869de7a67aee410ca92ea3e238b73ae5346fd2efc86980a67c63",
  "execution_contract_sha256": "c5f5ec35dc30af2be714892b095ecd747444249d33ba70021c330f01113a6f58",
  "input_manifest_sha256": "1be6248e7651ad9e90701db232e6b47caa62b6579b8294bb2bb74683063dcab1",
  "m3_artifact_input_receipt": {
    "deserialized": false,
    "path": "/share/home/u25310231/ZXC/sociality_estimation/checkpoints/rq009_m3/m3_scorer.joblib",
    "role": "frozen_m3_scorer",
    "schema_version": "rq014-m3-artifact-input-receipt-v1",
    "sha256": "b04999aba29a82fb71a97ac22c728479a7734e24a0b32189d08f95184d74f253",
    "size_bytes": 88306301,
    "verification_mode": "SINGLE_RETAINED_FD_O_NOFOLLOW_PRE_DESERIALIZATION"
  },
  "materialization_ledger_sha256": "2413a457cf790090f08551e4342693ed73ab5976bdeb0bc9e0b34890a54b52a4",
  "materialized_registry_outputs": {
    "forensic": {
      "path": "forensic.materialized.json",
      "sha256": "68a1d46111e443c4716415b3b7851b62dbc2932a4d66ce61578f2f373560703c"
    },
    "recovery_extension": {
      "path": "recovery_extension.materialized.json",
      "sha256": "0ec53f3245b2cfbb5ab4affdb7ee69198a2e2ee3eb42b9d63c1858da6efa5c74"
    },
    "valid_scientific": {
      "path": "valid_scientific.materialized.json",
      "sha256": "995e6bce3beff34ace4fb31cb35abde3cc60efad46d6653490030860c5731b0a"
    }
  },
  "next_operation": "rq014_g2_resource_pilot",
  "next_operation_authorized": false,
  "observed_statistics": "NONE",
  "operation": "rq014_g2_contract_preflight",
  "rating_access": "NONE",
  "rating_join": "NONE",
  "schema_version": "rq014-g2-contract-preflight-receipt-v1",
  "status": "PASS",
  "wod_path_type_mapping": {
    "manifest_sha256": "8c48d0eb2f8c530bc0e885b2115136fcf66f69b6f62563de88f31287255040d8",
    "mapping_sha256": "6e689647a6d8b22cbb8e35c7b9c0889c022798b76a34bec02da2ccb706175078",
    "row_count": 254
  }
}
