stdlib-check 500
stdlib-check 1000
stdlib-check 1500
stdlib-check 2000
stdlib-check 2500
stdlib-check 3000
stdlib-check 3500
stdlib-check 4000
stdlib-check 4500
stdlib-check 5000
stdlib-check 5500
stdlib-check 6000
stdlib-check 6500
stdlib-check 7000
stdlib-check 7500
stdlib-check 8000
stdlib-check 8500
stdlib-check 9000
stdlib-check 9500
stdlib-check 10000
stdlib-check 10500
stdlib-check 11000
stdlib-check 11500
stdlib-check 12000
stdlib-check 12500
stdlib-check 13000
stdlib-check 13500
stdlib-check 14000
configs/research_authorization.json: OK
configs/run_specs/README.md: OK
configs/run_specs/RQ014_g2_contract_preflight.template.json: OK
configs/run_specs/RQ014_g2_declassification_export.template.json: OK
configs/run_specs/research_run_spec_v2.schema.json: OK
configs/run_specs/rq014_managed_python_environment_v3.schema.json: OK
reports/plans/RQ014_PI_decision_G0_waiver_launch_20260711.md: OK
reports/plans/RQ014_PI_decision_G2_start_v1p5_20260712.md: OK
reports/plans/RQ014_blind_anchor_receipt_v1p5.json: OK
reports/plans/RQ014_config_space_v1p3.yaml: OK
reports/plans/RQ014_config_space_v1p5.yaml: OK
reports/plans/RQ014_envelope_builder_contract_v2.json: OK
reports/plans/RQ014_execution_contract_v1p5.json: OK
reports/plans/RQ014_forensic_registry_v1p3.yaml: OK
reports/plans/RQ014_forensic_registry_v1p5.yaml: OK
reports/plans/RQ014_plan_v1_wod_e2e_rating_ipv_deviation_recovery_20260710.md: OK
reports/plans/RQ014_plan_v1p3_amendment_20260711.md: OK
reports/plans/RQ014_plan_v1p3_checksums_20260711.sha256: OK
reports/plans/RQ014_plan_v1p5_amendment_20260712.md: OK
reports/plans/RQ014_plan_v1p5_review_manifest_20260712.sha256: OK
reports/plans/RQ014_plan_v1p5_review_manifest_round1_blocked_20260712.sha256: OK
reports/plans/RQ014_plan_v1p5_review_manifest_round2_blocked_20260712.sha256: OK
reports/plans/RQ014_plan_v1p5_review_manifest_round3_blocked_20260712.sha256: OK
reports/plans/RQ014_plan_v1p5_review_manifest_round4_blocked_20260712.sha256: OK
reports/plans/RQ014_plan_v1p5_review_manifest_round5_blocked_20260712.sha256: OK
reports/plans/RQ014_recovery_extension_registry_v1p3.yaml: OK
reports/plans/RQ014_recovery_extension_registry_v1p5.yaml: OK
reports/plans/RQ014_recovery_lane_v2.json: OK
reports/plans/RQ014_score_stripped_schema_v1.json: OK
reports/plans/prompts/RQ014_G2_kickoff_prompt_v1p5_20260712.md: OK
reports/plans/prompts/RQ014_forensics_hpc_fl05_indexer_v1p3.py: OK
reports/plans/prompts/RQ014_forensics_hpc_fl05_indexer_v1p3.sh: OK
reports/plans/prompts/RQ014_forensics_hpc_fl05_v1p3.sbatch: OK
reports/plans/prompts/RQ014_forensics_hpc_pass4_v1p3.sbatch: OK
reports/plans/prompts/RQ014_forensics_hpc_pass4_v1p3.sh: OK
reports/plans/prompts/RQ014_forensics_mac_pass4_v1p3.sh: OK
reports/studies/RQ014_wod_e2e_rating_recovery/00_forensics/forensics_report.md: OK
reports/studies/RQ014_wod_e2e_rating_recovery/01_plan_review/RQ014_formal_G1_v1p5_20260712.yaml: OK
reports/studies/RQ014_wod_e2e_rating_recovery/01_plan_review/RQ014_v1p5_execution_governance_review_20260712.json: OK
reports/studies/RQ014_wod_e2e_rating_recovery/01_plan_review/RQ014_v1p5_execution_governance_review_round1_blocked_20260712.json: OK
reports/studies/RQ014_wod_e2e_rating_recovery/01_plan_review/RQ014_v1p5_execution_governance_review_round2_blocked_20260712.json: OK
reports/studies/RQ014_wod_e2e_rating_recovery/01_plan_review/RQ014_v1p5_execution_governance_review_round3_blocked_20260712.json: OK
reports/studies/RQ014_wod_e2e_rating_recovery/01_plan_review/RQ014_v1p5_execution_governance_review_round4_blocked_20260712.json: OK
reports/studies/RQ014_wod_e2e_rating_recovery/01_plan_review/RQ014_v1p5_execution_governance_review_round5_blocked_20260712.json: OK
reports/studies/RQ014_wod_e2e_rating_recovery/01_plan_review/RQ014_v1p5_execution_readiness_review_20260712.html: OK
reports/studies/RQ014_wod_e2e_rating_recovery/01_plan_review/RQ014_v1p5_execution_readiness_review_20260712.md: OK
reports/studies/RQ014_wod_e2e_rating_recovery/01_plan_review/RQ014_v1p5_round1_remediation_20260712.md: OK
reports/studies/RQ014_wod_e2e_rating_recovery/01_plan_review/RQ014_v1p5_round2_remediation_20260712.md: OK
reports/studies/RQ014_wod_e2e_rating_recovery/01_plan_review/RQ014_v1p5_round3_remediation_20260712.md: OK
reports/studies/RQ014_wod_e2e_rating_recovery/01_plan_review/RQ014_v1p5_round4_remediation_20260712.md: OK
reports/studies/RQ014_wod_e2e_rating_recovery/01_plan_review/RQ014_v1p5_round5_remediation_20260712.md: OK
reports/studies/RQ014_wod_e2e_rating_recovery/01_plan_review/RQ014_v1p5_statistics_review_20260712.json: OK
reports/studies/RQ014_wod_e2e_rating_recovery/01_plan_review/RQ014_v1p5_statistics_review_round1_blocked_20260712.json: OK
reports/studies/RQ014_wod_e2e_rating_recovery/01_plan_review/RQ014_v1p5_statistics_review_round2_blocked_20260712.json: OK
reports/studies/RQ014_wod_e2e_rating_recovery/01_plan_review/RQ014_v1p5_statistics_review_round3_blocked_20260712.json: OK
reports/studies/RQ014_wod_e2e_rating_recovery/01_plan_review/RQ014_v1p5_statistics_review_round4_blocked_20260712.json: OK
reports/studies/RQ014_wod_e2e_rating_recovery/01_plan_review/RQ014_v1p5_statistics_review_round5_blocked_20260712.json: OK
reports/studies/RQ014_wod_e2e_rating_recovery/02_g2_preflight/RQ014_declassification_source_inventory_20260712.json: OK
reports/studies/RQ014_wod_e2e_rating_recovery/02_g2_preflight/RQ014_hpc_runtime_compatibility_probe_20260712.json: OK
scripts/hpc/prepare_research_run.py: OK
scripts/hpc/submit_research_run.sh: OK
scripts/rq014/build_contract_manifest.py: OK
scripts/rq014/export_score_stripped_bundle.py: OK
scripts/rq014/materialize_registry.py: OK
scripts/rq014/preflight.py: OK
scripts/rq014/run_managed_g2.py: OK
tests/test_hpc_run_launcher.py: OK
tests/test_rq014_fl05_indexer.py: OK
tests/test_rq014_g0_closure_scripts.py: OK
tests/test_rq014_managed_hpc_contract.py: OK
tests/test_rq014_recovery_lane_v2_contract.py: OK
tests/test_rq014_score_stripped_export.py: OK
tests/test_rq014_v1p3_registry_contract.py: OK
tests/test_rq014_v1p5_contract.py: OK
{
  "candidate_count_distribution": {
    "0": 3,
    "3": 476
  },
  "created_at_utc": "2026-07-12T15:49:21Z",
  "duplicate_key_scan": 0,
  "exporter_code_sha256": "39e8c81214b679473a777d5ed12416779424b11ccbf31ef0584d5cde7f9ade9b",
  "exporter_environment_sha256": "30de86f702101fbfc8065f6a0d7fd4378daf526d0e55c1197a6a0a147752877a",
  "exporter_git_commit": "24be08278adf43371fda14e7ec23a95b986b2fb1",
  "forbidden_field_scan": 0,
  "geometry_available_scene_count": 476,
  "nonfinite_value_scan": 0,
  "output_file_hashes": {
    "blind_scene_manifest.csv": "b4d4ed07d6dd68baa2f5305447ff38071ec09218cc5a3bbb67fe2e4f33a7d2d0",
    "candidate_states.csv": "b0d10f76bc9b035a1c5fa6dc8f61430fbe9e882f0c1214eaaa5dcf4f5cb9dbd8",
    "counterpart_tracks.csv": "19ce526024d5e7d6dff325cc0324b1d3c50a39e6f8e2ac09a35c43bdfc6b31d1",
    "ego_future_states.csv": "a85b4ed6d733b9b6e25825d3dc62ea4724e2cf468b9dc9fecb9d4a4e296bf77a",
    "ego_history_states.csv": "d601519851aa0a60696849bc069c11e79195c11c633dad6264b873e2acd72143",
    "structural_attrition.csv": "47310e333793a7fd38a124c4eb56edc4f5269bc800e0e3a27ecde3d019fae476",
    "tstar_ego_pose.csv": "8729890489c6ae617fcc6ef4e8f40629c0bd552e7827ed9f8c034a7f4881b355"
  },
  "output_schema_hashes": {
    "RQ014_score_stripped_schema_v1.json": "2e2ae18523a5e1620c7a4760172c2ff5358bf5c608b6a0fae1d1556f7e232355"
  },
  "schema_version": "rq014-score-stripped-sanitization-v1",
  "source_artifact_ids_and_sha256": {
    "phase1_scene_bundle_00": "57b6fb62bf64bfe786245d18063eacf55c09a16bde175a415c6aad29718cd975",
    "phase1_scene_bundle_01": "c710c588f0e86a587999f57af487082514483b6611e9ae14141ff53b3b62b507",
    "phase1_scene_bundle_02": "1cab3cd6d59b63fb8beecb3dcb6d0c7251841db16fdfdf64ef28953daa373b58",
    "phase1_scene_bundle_03": "99dffe4e65fa64d4458802868e599f2b268dfe93d1b1a72022a7458d9044c937",
    "phase1_scene_bundle_04": "dcf63903ae6c18445d64de633e616a3690596fbd12edcce51e887f01d7b2688c",
    "phase1_scene_bundle_05": "05e1ef602c0d9f426ded36c614d0a0eb8602491dea3b39bf6a465d38582f9734",
    "phase1_scene_bundle_06": "3db1323ebbe13ded066f777128688cfd0521dc328fd438f0f7404703837d4e07",
    "phase1_scene_bundle_07": "510f68f5922feff66866685604c0d99a521b168f9be4ceacbdd3128aaf19cb09",
    "rated479_structural_readiness": "425410ac48480513b566509321cd7f4cbac2a65c7db21e4174b39737f953f8a5",
    "selected_counterpart_tracks": "609979ae31cf9b926643b93f282c21eddb3a408ef968cc871c3d48538700c7c9"
  },
  "source_mounts_not_exposed_to_g2": true,
  "source_rating_bearing_classification": "parents originate from a rating-bearing pipeline; only audited score-omitting Phase-1 objects and structural/track tables were read",
  "unexpected_field_scan": 0,
  "universe_segment_count": 479
}
